<?xml version="1.0" encoding="UTF-8"?>
<testng-results ignored="0" total="1" passed="1" failed="0" skipped="0">
  <reporter-output>
  </reporter-output>
  <suite started-at="2025-01-15T11:50:34 IST" name="Suite" finished-at="2025-01-15T11:51:04 IST" duration-ms="29919">
    <groups>
      <group name="sanity">
        <method signature="TC003_LoginOrangeHRMTest.loginOrangeHRM()[pri:0, instance:testCases.TC003_LoginOrangeHRMTest@4562e04d]" name="loginOrangeHRM" class="testCases.TC003_LoginOrangeHRMTest"/>
      </group> <!-- sanity -->
    </groups>
    <test started-at="2025-01-15T11:50:34 IST" name="Test" finished-at="2025-01-15T11:51:04 IST" duration-ms="29919">
      <class name="testCases.TC003_LoginOrangeHRMTest">
        <test-method is-config="true" signature="setup(java.lang.String,java.lang.String)[pri:0, instance:testCases.TC003_LoginOrangeHRMTest@4562e04d]" started-at="2025-01-15T11:50:34 IST" name="setup" finished-at="2025-01-15T11:50:52 IST" duration-ms="17726" status="PASS">
          <params>
            <param index="0">
              <value>
                <![CDATA[windows]]>
              </value>
            </param>
            <param index="1">
              <value>
                <![CDATA[chrome]]>
              </value>
            </param>
          </params>
          <reporter-output>
          </reporter-output>
        </test-method> <!-- setup -->
        <test-method signature="loginOrangeHRM()[pri:0, instance:testCases.TC003_LoginOrangeHRMTest@4562e04d]" started-at="2025-01-15T11:50:52 IST" name="loginOrangeHRM" finished-at="2025-01-15T11:51:04 IST" duration-ms="11612" status="PASS">
          <reporter-output>
          </reporter-output>
        </test-method> <!-- loginOrangeHRM -->
        <test-method is-config="true" signature="tearDown()[pri:0, instance:testCases.TC003_LoginOrangeHRMTest@4562e04d]" started-at="2025-01-15T11:51:04 IST" name="tearDown" finished-at="2025-01-15T11:51:04 IST" duration-ms="319" status="PASS">
          <reporter-output>
          </reporter-output>
        </test-method> <!-- tearDown -->
      </class> <!-- testCases.TC003_LoginOrangeHRMTest -->
    </test> <!-- Test -->
  </suite> <!-- Suite -->
</testng-results>
