<?xml version="1.0" encoding="UTF-8"?>
<testng-results ignored="0" total="1" passed="1" failed="0" skipped="0">
  <reporter-output>
  </reporter-output>
  <suite started-at="2025-01-15T04:34:42 IST" name="Suite" finished-at="2025-01-15T04:35:12 IST" duration-ms="29659">
    <groups>
      <group name="sanity">
        <method signature="TC003_LoginOrangeHRMTest.loginOrangeHRM()[pri:0, instance:testCases.TC003_LoginOrangeHRMTest@2df3b89c]" name="loginOrangeHRM" class="testCases.TC003_LoginOrangeHRMTest"/>
      </group> <!-- sanity -->
    </groups>
    <test started-at="2025-01-15T04:34:42 IST" name="Test" finished-at="2025-01-15T04:35:12 IST" duration-ms="29659">
      <class name="testCases.TC003_LoginOrangeHRMTest">
        <test-method is-config="true" signature="setup(java.lang.String,java.lang.String)[pri:0, instance:testCases.TC003_LoginOrangeHRMTest@2df3b89c]" started-at="2025-01-15T04:34:42 IST" name="setup" finished-at="2025-01-15T04:34:59 IST" duration-ms="16844" status="PASS">
          <params>
            <param index="0">
              <value>
                <![CDATA[linux]]>
              </value>
            </param>
            <param index="1">
              <value>
                <![CDATA[edge]]>
              </value>
            </param>
          </params>
          <reporter-output>
          </reporter-output>
        </test-method> <!-- setup -->
        <test-method signature="loginOrangeHRM()[pri:0, instance:testCases.TC003_LoginOrangeHRMTest@2df3b89c]" started-at="2025-01-15T04:34:59 IST" name="loginOrangeHRM" finished-at="2025-01-15T04:35:10 IST" duration-ms="11368" status="PASS">
          <reporter-output>
          </reporter-output>
        </test-method> <!-- loginOrangeHRM -->
        <test-method is-config="true" signature="tearDown()[pri:0, instance:testCases.TC003_LoginOrangeHRMTest@2df3b89c]" started-at="2025-01-15T04:35:10 IST" name="tearDown" finished-at="2025-01-15T04:35:11 IST" duration-ms="1133" status="PASS">
          <reporter-output>
          </reporter-output>
        </test-method> <!-- tearDown -->
      </class> <!-- testCases.TC003_LoginOrangeHRMTest -->
    </test> <!-- Test -->
  </suite> <!-- Suite -->
</testng-results>
